This is pdfTeX, Version 3.1415926-2.4-1.40.13 (MiKTeX 2.9 64-bit) (preloaded format=pdflatex 2014.2.16)  22 SEP 2014 12:16
entering extended mode
**lab2_SL.tex

(C:\Users\Sherman\Documents\HMC\Courses\2014-2015\E155\Labs\Lab2\report\lab2_SL
.tex
LaTeX2e <2011/06/27>
Babel <v3.8m> and hyphenation patterns for english, afrikaans, ancientgreek, ar
abic, armenian, assamese, basque, bengali, bokmal, bulgarian, catalan, coptic, 
croatian, czech, danish, dutch, esperanto, estonian, farsi, finnish, french, ga
lician, german, german-x-2012-05-30, greek, gujarati, hindi, hungarian, iceland
ic, indonesian, interlingua, irish, italian, kannada, kurmanji, latin, latvian,
 lithuanian, malayalam, marathi, mongolian, mongolianlmc, monogreek, ngerman, n
german-x-2012-05-30, nynorsk, oriya, panjabi, pinyin, polish, portuguese, roman
ian, russian, sanskrit, serbian, slovak, slovenian, spanish, swedish, swissgerm
an, tamil, telugu, turkish, turkmen, ukenglish, ukrainian, uppersorbian, usengl
ishmax, welsh, loaded.
("C:\Program Files\MiKTeX 2.9\tex\latex\base\article.cls"
Document Class: article 2007/10/19 v1.4h Standard LaTeX document class
("C:\Program Files\MiKTeX 2.9\tex\latex\base\size11.clo"
File: size11.clo 2007/10/19 v1.4h Standard LaTeX file (size option)
)
\c@part=\count79
\c@section=\count80
\c@subsection=\count81
\c@subsubsection=\count82
\c@paragraph=\count83
\c@subparagraph=\count84
\c@figure=\count85
\c@table=\count86
\abovecaptionskip=\skip41
\belowcaptionskip=\skip42
\bibindent=\dimen102
)
("C:\Program Files\MiKTeX 2.9\tex\latex\tools\verbatim.sty"
Package: verbatim 2003/08/22 v1.5q LaTeX2e package for verbatim enhancements
\every@verbatim=\toks14
\verbatim@line=\toks15
\verbatim@in@stream=\read1
)
("C:\Program Files\MiKTeX 2.9\tex\latex\amsmath\amsmath.sty"
Package: amsmath 2013/01/14 v2.14 AMS math features
\@mathmargin=\skip43

For additional information on amsmath, use the `?' option.
("C:\Program Files\MiKTeX 2.9\tex\latex\amsmath\amstext.sty"
Package: amstext 2000/06/29 v2.01

("C:\Program Files\MiKTeX 2.9\tex\latex\amsmath\amsgen.sty"
File: amsgen.sty 1999/11/30 v2.0
\@emptytoks=\toks16
\ex@=\dimen103
))
("C:\Program Files\MiKTeX 2.9\tex\latex\amsmath\amsbsy.sty"
Package: amsbsy 1999/11/29 v1.2d
\pmbraise@=\dimen104
)
("C:\Program Files\MiKTeX 2.9\tex\latex\amsmath\amsopn.sty"
Package: amsopn 1999/12/14 v2.01 operator names
)
\inf@bad=\count87
LaTeX Info: Redefining \frac on input line 210.
\uproot@=\count88
\leftroot@=\count89
LaTeX Info: Redefining \overline on input line 306.
\classnum@=\count90
\DOTSCASE@=\count91
LaTeX Info: Redefining \ldots on input line 378.
LaTeX Info: Redefining \dots on input line 381.
LaTeX Info: Redefining \cdots on input line 466.
\Mathstrutbox@=\box26
\strutbox@=\box27
\big@size=\dimen105
LaTeX Font Info:    Redeclaring font encoding OML on input line 566.
LaTeX Font Info:    Redeclaring font encoding OMS on input line 567.
\macc@depth=\count92
\c@MaxMatrixCols=\count93
\dotsspace@=\muskip10
\c@parentequation=\count94
\dspbrk@lvl=\count95
\tag@help=\toks17
\row@=\count96
\column@=\count97
\maxfields@=\count98
\andhelp@=\toks18
\eqnshift@=\dimen106
\alignsep@=\dimen107
\tagshift@=\dimen108
\tagwidth@=\dimen109
\totwidth@=\dimen110
\lineht@=\dimen111
\@envbody=\toks19
\multlinegap=\skip44
\multlinetaggap=\skip45
\mathdisplay@stack=\toks20
LaTeX Info: Redefining \[ on input line 2665.
LaTeX Info: Redefining \] on input line 2666.
)
("C:\Program Files\MiKTeX 2.9\tex\latex\amsfonts\amssymb.sty"
Package: amssymb 2013/01/14 v3.01 AMS font symbols

("C:\Program Files\MiKTeX 2.9\tex\latex\amsfonts\amsfonts.sty"
Package: amsfonts 2013/01/14 v3.01 Basic AMSFonts support
\symAMSa=\mathgroup4
\symAMSb=\mathgroup5
LaTeX Font Info:    Overwriting math alphabet `\mathfrak' in version `bold'
(Font)                  U/euf/m/n --> U/euf/b/n on input line 106.
))
("C:\Program Files\MiKTeX 2.9\tex\latex\setspace\setspace.sty"
Package: setspace 2011/12/19 v6.7a set line spacing
)
("C:\Program Files\MiKTeX 2.9\tex\latex\geometry\geometry.sty"
Package: geometry 2010/09/12 v5.6 Page Geometry

("C:\Program Files\MiKTeX 2.9\tex\latex\graphics\keyval.sty"
Package: keyval 1999/03/16 v1.13 key=value parser (DPC)
\KV@toks@=\toks21
)
("C:\Program Files\MiKTeX 2.9\tex\generic\oberdiek\ifpdf.sty"
Package: ifpdf 2011/01/30 v2.3 Provides the ifpdf switch (HO)
Package ifpdf Info: pdfTeX in PDF mode is detected.
)
("C:\Program Files\MiKTeX 2.9\tex\generic\oberdiek\ifvtex.sty"
Package: ifvtex 2010/03/01 v1.5 Detect VTeX and its facilities (HO)
Package ifvtex Info: VTeX not detected.
)
("C:\Program Files\MiKTeX 2.9\tex\generic\ifxetex\ifxetex.sty"
Package: ifxetex 2010/09/12 v0.6 Provides ifxetex conditional
)
\Gm@cnth=\count99
\Gm@cntv=\count100
\c@Gm@tempcnt=\count101
\Gm@bindingoffset=\dimen112
\Gm@wd@mp=\dimen113
\Gm@odd@mp=\dimen114
\Gm@even@mp=\dimen115
\Gm@layoutwidth=\dimen116
\Gm@layoutheight=\dimen117
\Gm@layouthoffset=\dimen118
\Gm@layoutvoffset=\dimen119
\Gm@dimlist=\toks22

("C:\Program Files\MiKTeX 2.9\tex\latex\geometry\geometry.cfg"))
("C:\Program Files\MiKTeX 2.9\tex\latex\subfigure\subfigure.sty"
Package: subfigure 2002/07/30 v2.1.4 subfigure package
\subfigtopskip=\skip46
\subfigcapskip=\skip47
\subfigcaptopadj=\dimen120
\subfigbottomskip=\skip48
\subfigcapmargin=\dimen121
\subfiglabelskip=\skip49
\c@subfigure=\count102
\c@lofdepth=\count103
\c@subtable=\count104
\c@lotdepth=\count105

****************************************
* Local config file subfigure.cfg used *
****************************************
("C:\Program Files\MiKTeX 2.9\tex\latex\subfigure\subfigure.cfg")
\subfig@top=\skip50
\subfig@bottom=\skip51
)
("C:\Program Files\MiKTeX 2.9\tex\latex\graphics\graphicx.sty"
Package: graphicx 1999/02/16 v1.0f Enhanced LaTeX Graphics (DPC,SPQR)

("C:\Program Files\MiKTeX 2.9\tex\latex\graphics\graphics.sty"
Package: graphics 2009/02/05 v1.0o Standard LaTeX Graphics (DPC,SPQR)

("C:\Program Files\MiKTeX 2.9\tex\latex\graphics\trig.sty"
Package: trig 1999/03/16 v1.09 sin cos tan (DPC)
)
("C:\Program Files\MiKTeX 2.9\tex\latex\00miktex\graphics.cfg"
File: graphics.cfg 2007/01/18 v1.5 graphics configuration of teTeX/TeXLive
)
Package graphics Info: Driver file: pdftex.def on input line 91.

("C:\Program Files\MiKTeX 2.9\tex\latex\pdftex-def\pdftex.def"
File: pdftex.def 2011/05/27 v0.06d Graphics/color for pdfTeX

("C:\Program Files\MiKTeX 2.9\tex\generic\oberdiek\infwarerr.sty"
Package: infwarerr 2010/04/08 v1.3 Providing info/warning/error messages (HO)
)
("C:\Program Files\MiKTeX 2.9\tex\generic\oberdiek\ltxcmds.sty"
Package: ltxcmds 2011/11/09 v1.22 LaTeX kernel commands for general use (HO)
)
\Gread@gobject=\count106
))
\Gin@req@height=\dimen122
\Gin@req@width=\dimen123
)
("C:\Program Files\MiKTeX 2.9\tex\latex\cite\cite.sty"
LaTeX Info: Redefining \cite on input line 302.
LaTeX Info: Redefining \nocite on input line 373.
Package: cite 2010/09/10  v 5.3
)
("C:\Program Files\MiKTeX 2.9\tex\latex\siunits\SIunits.sty"
Package: SIunits 2007/12/02 v1.36 Support for the International System of units
 (MH)


\@qskwidth=\skip52
\symgreek=\mathgroup6
("C:\Program Files\MiKTeX 2.9\tex\latex\siunits\SIunits.cfg")
Option `squaren' provided!
) ("C:\Program Files\MiKTeX 2.9\tex\latex\listings\listings.sty"
\lst@mode=\count107
\lst@gtempboxa=\box28
\lst@token=\toks23
\lst@length=\count108
\lst@currlwidth=\dimen124
\lst@column=\count109
\lst@pos=\count110
\lst@lostspace=\dimen125
\lst@width=\dimen126
\lst@newlines=\count111
\lst@lineno=\count112
\lst@maxwidth=\dimen127

("C:\Program Files\MiKTeX 2.9\tex\latex\listings\lstmisc.sty"
File: lstmisc.sty 2014/03/04 1.5c (Carsten Heinz)
\c@lstnumber=\count113
\lst@skipnumbers=\count114
\lst@framebox=\box29
)
("C:\Program Files\MiKTeX 2.9\tex\latex\listings\listings.cfg"
File: listings.cfg 2014/03/04 1.5c listings configuration
))
Package: listings 2014/03/04 1.5c (Carsten Heinz)

(C:\Users\Sherman\Documents\HMC\Courses\2014-2015\E155\Labs\Lab2\report\lab2_SL
.aux)
LaTeX Font Info:    Checking defaults for OML/cmm/m/it on input line 16.
LaTeX Font Info:    ... okay on input line 16.
LaTeX Font Info:    Checking defaults for T1/cmr/m/n on input line 16.
LaTeX Font Info:    ... okay on input line 16.
LaTeX Font Info:    Checking defaults for OT1/cmr/m/n on input line 16.
LaTeX Font Info:    ... okay on input line 16.
LaTeX Font Info:    Checking defaults for OMS/cmsy/m/n on input line 16.
LaTeX Font Info:    ... okay on input line 16.
LaTeX Font Info:    Checking defaults for OMX/cmex/m/n on input line 16.
LaTeX Font Info:    ... okay on input line 16.
LaTeX Font Info:    Checking defaults for U/cmr/m/n on input line 16.
LaTeX Font Info:    ... okay on input line 16.
LaTeX Font Info:    Checking defaults for TS1/cmr/m/n on input line 16.
LaTeX Font Info:    Try loading font information for TS1+cmr on input line 16.
 ("C:\Program Files\MiKTeX 2.9\tex\latex\base\ts1cmr.fd"
File: ts1cmr.fd 1999/05/25 v2.5h Standard LaTeX font definitions
)
LaTeX Font Info:    ... okay on input line 16.

*geometry* driver: auto-detecting
*geometry* detected driver: pdftex
*geometry* verbose mode - [ preamble ] result:
* driver: pdftex
* paper: <default>
* layout: <same size as paper>
* layoutoffset:(h,v)=(0.0pt,0.0pt)
* modes: 
* h-part:(L,W,R)=(90.3375pt, 433.62001pt, 90.3375pt)
* v-part:(T,H,B)=(72.26999pt, 650.43001pt, 72.26999pt)
* \paperwidth=614.295pt
* \paperheight=794.96999pt
* \textwidth=433.62001pt
* \textheight=650.43001pt
* \oddsidemargin=18.0675pt
* \evensidemargin=18.0675pt
* \topmargin=-37.0pt
* \headheight=12.0pt
* \headsep=25.0pt
* \topskip=11.0pt
* \footskip=30.0pt
* \marginparwidth=59.0pt
* \marginparsep=10.0pt
* \columnsep=10.0pt
* \skip\footins=10.0pt plus 4.0pt minus 2.0pt
* \hoffset=0.0pt
* \voffset=0.0pt
* \mag=1000
* \@twocolumnfalse
* \@twosidefalse
* \@mparswitchfalse
* \@reversemarginfalse
* (1in=72.27pt=25.4mm, 1cm=28.453pt)

("C:\Program Files\MiKTeX 2.9\tex\context\base\supp-pdf.mkii"
[Loading MPS to PDF converter (version 2006.09.02).]
\scratchcounter=\count115
\scratchdimen=\dimen128
\scratchbox=\box30
\nofMPsegments=\count116
\nofMParguments=\count117
\everyMPshowfont=\toks24
\MPscratchCnt=\count118
\MPscratchDim=\dimen129
\MPnumerator=\count119
\makeMPintoPDFobject=\count120
\everyMPtoPDFconversion=\toks25
)
Option `squaren' provided! 
 Command \squaren defined by SIunits package!

\c@lstlisting=\count121
LaTeX Font Info:    Try loading font information for U+msa on input line 48.
("C:\Program Files\MiKTeX 2.9\tex\latex\amsfonts\umsa.fd"
File: umsa.fd 2013/01/14 v3.01 AMS symbols A
)
LaTeX Font Info:    Try loading font information for U+msb on input line 48.

("C:\Program Files\MiKTeX 2.9\tex\latex\amsfonts\umsb.fd"
File: umsb.fd 2013/01/14 v3.01 AMS symbols B
)
Underfull \hbox (badness 10000) in paragraph at lines 48--49

 []

<board.jpg, id=1, 3276.24pt x 1842.885pt>
File: board.jpg Graphic file (type jpg)
 <use board.jpg>
Package pdftex.def Info: board.jpg used on input line 54.
(pdftex.def)             Requested size: 360.38751pt x 202.71797pt.
 [1

{C:/ProgramData/MiKTeX/2.9/pdftex/config/pdftex.map} <C:/Users/Sherman/Document
s/HMC/Courses/2014-2015/E155/Labs/Lab2/report/board.jpg>]
<bjt.png, id=10, 435.12563pt x 359.84438pt>
File: bjt.png Graphic file (type png)
 <use bjt.png>
Package pdftex.def Info: bjt.png used on input line 69.
(pdftex.def)             Requested size: 217.56227pt x 179.92174pt.

Underfull \hbox (badness 10000) in paragraph at lines 90--91

 []

[2 <C:/Users/Sherman/Documents/HMC/Courses/2014-2015/E155/Labs/Lab2/report/bjt.
png>] <2N3906_gain.png, id=18, 212.29312pt x 148.30406pt>
File: 2N3906_gain.png Graphic file (type png)

<use 2N3906_gain.png>
Package pdftex.def Info: 2N3906_gain.png used on input line 103.
(pdftex.def)             Requested size: 212.2926pt x 148.30368pt.

Underfull \hbox (badness 10000) in paragraph at lines 113--114

 []


LaTeX Warning: `h' float specifier changed to `ht'.


Underfull \hbox (badness 10000) in paragraph at lines 145--146

 []

<logic.jpg, id=19, 3276.24pt x 1842.885pt>
File: logic.jpg Graphic file (type jpg)
 <use logic.jpg>
Package pdftex.def Info: logic.jpg used on input line 150.
(pdftex.def)             Requested size: 360.38751pt x 202.71797pt.


LaTeX Warning: `!h' float specifier changed to `!ht'.


LaTeX Warning: `h' float specifier changed to `ht'.


LaTeX Warning: `h' float specifier changed to `ht'.


LaTeX Warning: `h' float specifier changed to `ht'.


LaTeX Warning: `h' float specifier changed to `ht'.


LaTeX Warning: `h' float specifier changed to `ht'.

[3 <C:/Users/Sherman/Documents/HMC/Courses/2014-2015/E155/Labs/Lab2/report/2N39
06_gain.png>] [4 <C:/Users/Sherman/Documents/HMC/Courses/2014-2015/E155/Labs/La
b2/report/logic.jpg>] [5] <clk_works.png, id=31, 658.71094pt x 232.61906pt>
File: clk_works.png Graphic file (type png)

<use clk_works.png>
Package pdftex.def Info: clk_works.png used on input line 236.
(pdftex.def)             Requested size: 428.15703pt x 151.20059pt.
 <mux_all.png, id=32, 590.95781pt x 228.10219pt>
File: mux_all.png Graphic file (type png)

<use mux_all.png>
Package pdftex.def Info: mux_all.png used on input line 244.
(pdftex.def)             Requested size: 413.66765pt x 159.67043pt.
 <no_reset.png, id=33, 579.66562pt x 239.39438pt>
File: no_reset.png Graphic file (type png)

<use no_reset.png>
Package pdftex.def Info: no_reset.png used on input line 252.
(pdftex.def)             Requested size: 434.74814pt x 179.54533pt.

Overfull \hbox (1.12813pt too wide) in paragraph at lines 252--253
 [][] 
 []


LaTeX Warning: `!h' float specifier changed to `!ht'.

<yes_reset.png, id=34, 502.12593pt x 237.13594pt>
File: yes_reset.png Graphic file (type png)
 <use yes_reset.png>
Package pdftex.def Info: yes_reset.png used on input line 260.
(pdftex.def)             Requested size: 401.7013pt x 189.709pt.


LaTeX Warning: `!h' float specifier changed to `!ht'.

<toggling.png, id=35, 354.57469pt x 121.95563pt>
File: toggling.png Graphic file (type png)
 <use toggling.png>
Package pdftex.def Info: toggling.png used on input line 268.
(pdftex.def)             Requested size: 354.57382pt x 121.9553pt.


LaTeX Warning: `!h' float specifier changed to `!ht'.

<sum.png, id=36, 471.26062pt x 188.20313pt>
File: sum.png Graphic file (type png)
 <use sum.png>
Package pdftex.def Info: sum.png used on input line 276.
(pdftex.def)             Requested size: 471.25948pt x 188.20265pt.

Overfull \hbox (37.63947pt too wide) in paragraph at lines 276--277
 [][] 
 []


LaTeX Warning: `!h' float specifier changed to `!ht'.

[6

 <C:/Users/Sherman/Documents/HMC/Courses/2014-2015/E155/Labs/Lab2/report/clk_wo
rks.png> <C:/Users/Sherman/Documents/HMC/Courses/2014-2015/E155/Labs/Lab2/repor
t/mux_all.png>] [7 <C:/Users/Sherman/Documents/HMC/Courses/2014-2015/E155/Labs/
Lab2/report/no_reset.png> <C:/Users/Sherman/Documents/HMC/Courses/2014-2015/E15
5/Labs/Lab2/report/yes_reset.png> <C:/Users/Sherman/Documents/HMC/Courses/2014-
2015/E155/Labs/Lab2/report/toggling.png>] [8 <C:/Users/Sherman/Documents/HMC/Co
urses/2014-2015/E155/Labs/Lab2/report/sum.png>]
<seven_segment_all.png, id=53, 889.07156pt x 314.67563pt>
File: seven_segment_all.png Graphic file (type png)

<use seven_segment_all.png>
Package pdftex.def Info: seven_segment_all.png used on input line 292.
(pdftex.def)             Requested size: 444.5347pt x 157.33742pt.
 <reset.png, id=54, 369.63094pt x 377.15906pt>
File: reset.png Graphic file (type png)

<use reset.png>
Package pdftex.def Info: reset.png used on input line 300.
(pdftex.def)             Requested size: 199.59772pt x 203.66286pt.


LaTeX Warning: `!h' float specifier changed to `!ht'.

<s1.png, id=55, 494.59781pt x 348.55219pt>
File: s1.png Graphic file (type png)
 <use s1.png>
Package pdftex.def Info: s1.png used on input line 308.
(pdftex.def)             Requested size: 267.07883pt x 188.21536pt.


LaTeX Warning: `!h' float specifier changed to `!ht'.

<s2.png, id=56, 470.50781pt x 335.00156pt>
File: s2.png Graphic file (type png)
 <use s2.png>
Package pdftex.def Info: s2.png used on input line 316.
(pdftex.def)             Requested size: 254.07042pt x 180.89813pt.


LaTeX Warning: `!h' float specifier changed to `!ht'.

[9

 <C:/Users/Sherman/Documents/HMC/Courses/2014-2015/E155/Labs/Lab2/report/seven_
segment_all.png>] [10 <C:/Users/Sherman/Documents/HMC/Courses/2014-2015/E155/La
bs/Lab2/report/reset.png> <C:/Users/Sherman/Documents/HMC/Courses/2014-2015/E15
5/Labs/Lab2/report/s1.png>] [11 <C:/Users/Sherman/Documents/HMC/Courses/2014-20
15/E155/Labs/Lab2/report/s2.png>]
("C:\Program Files\MiKTeX 2.9\tex\latex\listings\lstlang1.sty"
File: lstlang1.sty 2014/03/04 1.5c listings language file
)
("C:\Program Files\MiKTeX 2.9\tex\latex\listings\lstlang2.sty"
File: lstlang2.sty 2014/03/04 1.5c listings language file
)
("C:\Program Files\MiKTeX 2.9\tex\latex\listings\lstlang3.sty"
File: lstlang3.sty 2014/03/04 1.5c listings language file
)
LaTeX Font Info:    Try loading font information for OMS+cmr on input line 328.


("C:\Program Files\MiKTeX 2.9\tex\latex\base\omscmr.fd"
File: omscmr.fd 1999/05/25 v2.5h Standard LaTeX font definitions
)
LaTeX Font Info:    Font shape `OMS/cmr/m/it' in size <9> not available
(Font)              Font shape `OMS/cmsy/m/n' tried instead on input line 328.

Overfull \hbox (10.38145pt too wide) in paragraph at lines 339--340
[][][][][][][][][][][][][][][][][][][][][][][][][][][][][][][][][][][][][][] 
 []

LaTeX Font Info:    Try loading font information for OML+cmr on input line 350.

("C:\Program Files\MiKTeX 2.9\tex\latex\base\omlcmr.fd"
File: omlcmr.fd 1999/05/25 v2.5h Standard LaTeX font definitions
)
LaTeX Font Info:    Font shape `OML/cmr/m/it' in size <9> not available
(Font)              Font shape `OML/cmm/m/it' tried instead on input line 350.
LaTeX Font Info:    Font shape `OML/cmr/m/n' in size <9> not available
(Font)              Font shape `OML/cmm/m/it' tried instead on input line 381.
 [12

] [13]
Underfull \hbox (badness 10000) in paragraph at lines 441--442

 []


Underfull \hbox (badness 10000) in paragraph at lines 457--458

 []

[14

]
(C:\Users\Sherman\Documents\HMC\Courses\2014-2015\E155\Labs\Lab2\report\lab2_SL
.aux) ) 
Here is how much of TeX's memory you used:
 5001 strings out of 493921
 67778 string characters out of 3147276
 175930 words of memory out of 3000000
 8207 multiletter control sequences out of 15000+200000
 14064 words of font info for 53 fonts, out of 3000000 for 9000
 841 hyphenation exceptions out of 8191
 27i,9n,43p,1099b,1707s stack positions out of 5000i,500n,10000p,200000b,50000s
<C:/Program Files/MiKTeX 2.9/fonts/type1/public/amsfonts/cm/cmbx10.pfb><
C:/Program Files/MiKTeX 2.9/fonts/type1/public/amsfonts/cm/cmbx12.pfb><C:/Progr
am Files/MiKTeX 2.9/fonts/type1/public/amsfonts/cm/cmbx9.pfb><C:/Program Files/
MiKTeX 2.9/fonts/type1/public/amsfonts/cm/cmmi10.pfb><C:/Program Files/MiKTeX 2
.9/fonts/type1/public/amsfonts/cm/cmmi8.pfb><C:/Program Files/MiKTeX 2.9/fonts/
type1/public/amsfonts/cm/cmmi9.pfb><C:/Program Files/MiKTeX 2.9/fonts/type1/pub
lic/amsfonts/cm/cmr10.pfb><C:/Program Files/MiKTeX 2.9/fonts/type1/public/amsfo
nts/cm/cmr8.pfb><C:/Program Files/MiKTeX 2.9/fonts/type1/public/amsfonts/cm/cmr
9.pfb><C:/Program Files/MiKTeX 2.9/fonts/type1/public/amsfonts/cm/cmsy10.pfb><C
:/Program Files/MiKTeX 2.9/fonts/type1/public/amsfonts/cm/cmsy9.pfb><C:/Program
 Files/MiKTeX 2.9/fonts/type1/public/amsfonts/cm/cmti9.pfb>
Output written on lab2_SL.pdf (14 pages, 3392166 bytes).
PDF statistics:
 123 PDF objects out of 1000 (max. 8388607)
 0 named destinations out of 1000 (max. 500000)
 71 words of extra memory for PDF output out of 10000 (max. 10000000)

